App/build/outputs/logs/manifest-merger-debug-report.txt
-- Merging decision tree log ---
manifest
ADDED from src\main\AndroidManifest.xml:2:1-42:12
	package
		ADDED from src\main\AndroidManifest.xml:3:5-30
		INJECTED from src\main\AndroidManifest.xml
		INJECTED from src\main\AndroidManifest.xml
	android:versionName
		INJECTED from src\main\AndroidManifest.xml
		INJECTED from src\main\AndroidManifest.xml
	xmlns:android
		ADDED from src\main\AndroidManifest.xml:2:11-69
	android:versionCode
		INJECTED from src\main\AndroidManifest.xml
		INJECTED from src\main\AndroidManifest.xml
uses-permission#android.permission.INTERNET
ADDED from src\main\AndroidManifest.xml:5:5-67
	android:name
		ADDED from src\main\AndroidManifest.xml:5:22-64
application
ADDED from src\main\AndroidManifest.xml:7:5-40:19
MERGED from [com.android.support:design:23.4.0] AndroidManifest.xml:22:5-20
MERGED from [com.android.support:appcompat-v7:23.4.0] AndroidManifest.xml:25:5-20
MERGED from [com.android.support:animated-vector-drawable:23.4.0] AndroidManifest.xml:7:5-20
MERGED from [com.android.support:support-vector-drawable:23.4.0] AndroidManifest.xml:7:5-20
MERGED from [com.android.support:support-v4:23.4.0] AndroidManifest.xml:22:5-20
	android:label
		ADDED from src\main\AndroidManifest.xml:10:9-41
	android:supportsRtl
		ADDED from src\main\AndroidManifest.xml:11:9-35
	android:allowBackup
		ADDED from src\main\AndroidManifest.xml:8:9-35
	android:icon
		ADDED from src\main\AndroidManifest.xml:9:9-43
	android:theme
		ADDED from src\main\AndroidManifest.xml:12:9-40
activity#rohit.osproject.MainActivity
ADDED from src\main\AndroidManifest.xml:13:9-16:59
	android:label
		ADDED from src\main\AndroidManifest.xml:15:13-45
	android:theme
		ADDED from src\main\AndroidManifest.xml:16:13-56
	android:name
		ADDED from src\main\AndroidManifest.xml:14:13-41
activity#rohit.osproject.TwoHanded
ADDED from src\main\AndroidManifest.xml:17:9-19:20
	android:name
		ADDED from src\main\AndroidManifest.xml:17:19-44
activity#rohit.osproject.TwoHandedOutput
ADDED from src\main\AndroidManifest.xml:20:9-53
	android:name
		ADDED from src\main\AndroidManifest.xml:20:19-50
activity#rohit.osproject.BuddyAlgo
ADDED from src\main\AndroidManifest.xml:21:9-24:20
	android:name
		ADDED from src\main\AndroidManifest.xml:21:19-44
activity#rohit.osproject.BuddyOutput
ADDED from src\main\AndroidManifest.xml:25:9-49
	android:name
		ADDED from src\main\AndroidManifest.xml:25:19-46
activity#rohit.osproject.TwoHandedCode
ADDED from src\main\AndroidManifest.xml:26:9-51
	android:name
		ADDED from src\main\AndroidManifest.xml:26:19-48
activity#rohit.osproject.BuddyCode
ADDED from src\main\AndroidManifest.xml:27:9-47
	android:name
		ADDED from src\main\AndroidManifest.xml:27:19-44
activity#rohit.osproject.About
ADDED from src\main\AndroidManifest.xml:28:9-43
	android:name
		ADDED from src\main\AndroidManifest.xml:28:19-40
activity#rohit.osproject.TwoHandedSimulation
ADDED from src\main\AndroidManifest.xml:29:9-57
	android:name
		ADDED from src\main\AndroidManifest.xml:29:19-54
activity#rohit.osproject.BuddySimulation
ADDED from src\main\AndroidManifest.xml:30:9-53
	android:name
		ADDED from src\main\AndroidManifest.xml:30:19-50
activity#rohit.osproject.BuddyExplanation
ADDED from src\main\AndroidManifest.xml:31:9-54
	android:name
		ADDED from src\main\AndroidManifest.xml:31:19-51
activity#rohit.osproject.TwoHandedExplanation
ADDED from src\main\AndroidManifest.xml:32:9-58
	android:name
		ADDED from src\main\AndroidManifest.xml:32:19-55
activity#rohit.osproject.Home
ADDED from src\main\AndroidManifest.xml:33:9-39:20
	android:name
		ADDED from src\main\AndroidManifest.xml:33:19-39
intent-filter#android.intent.action.MAIN+android.intent.category.LAUNCHER
ADDED from src\main\AndroidManifest.xml:34:13-38:25
action#android.intent.action.MAIN
ADDED from src\main\AndroidManifest.xml:35:13-65
	android:name
		ADDED from src\main\AndroidManifest.xml:35:21-62
category#android.intent.category.LAUNCHER
ADDED from src\main\AndroidManifest.xml:37:13-73
	android:name
		ADDED from src\main\AndroidManifest.xml:37:23-70
uses-sdk
INJECTED from src\main\AndroidManifest.xml reason: use-sdk injection requested
MERGED from [com.android.support:design:23.4.0] AndroidManifest.xml:20:5-43
MERGED from [com.android.support:recyclerview-v7:23.4.0] AndroidManifest.xml:20:5-43
MERGED from [com.android.support:appcompat-v7:23.4.0] AndroidManifest.xml:21:5-23:78
MERGED from [com.android.support:animated-vector-drawable:23.4.0] AndroidManifest.xml:5:5-44
MERGED from [com.android.support:support-vector-drawable:23.4.0] AndroidManifest.xml:5:5-43
MERGED from [com.android.support:support-v4:23.4.0] AndroidManifest.xml:20:5-43
	tools:overrideLibrary
		ADDED from [com.android.support:appcompat-v7:23.4.0] AndroidManifest.xml:23:9-75
	android:targetSdkVersion
		INJECTED from src\main\AndroidManifest.xml
		INJECTED from src\main\AndroidManifest.xml
	android:minSdkVersion
		INJECTED from src\main\AndroidManifest.xml
		INJECTED from src\main\AndroidManifest.xml